<?xml version="1.0" encoding="UTF-8"?>
<testsuite xmlns:xsi="http://www.w3.org/2001/XMLSchema-instance" xsi:noNamespaceSchemaLocation="https://maven.apache.org/surefire/maven-surefire-plugin/xsd/surefire-test-report-3.0.xsd" version="3.0" name="com.app.tennis.TennisGameTest" time="0.107" tests="5" errors="0" skipped="0" failures="1">
  <properties>
    <property name="java.specification.version" value="21"/>
    <property name="sun.jnu.encoding" value="UTF-8"/>
    <property name="java.class.path" value="/Users/rayanegouda/workspace/tennis-game/target/test-classes:/Users/rayanegouda/workspace/tennis-game/target/classes:/Users/rayanegouda/.m2/repository/junit/junit/4.13.1/junit-4.13.1.jar:/Users/rayanegouda/.m2/repository/org/hamcrest/hamcrest-core/1.3/hamcrest-core-1.3.jar:/Users/rayanegouda/.m2/repository/log4j/log4j/1.2.17/log4j-1.2.17.jar:"/>
    <property name="java.vm.vendor" value="Homebrew"/>
    <property name="sun.arch.data.model" value="64"/>
    <property name="java.vendor.url" value="https://github.com/Homebrew/homebrew-core/issues"/>
    <property name="os.name" value="Mac OS X"/>
    <property name="java.vm.specification.version" value="21"/>
    <property name="sun.java.launcher" value="SUN_STANDARD"/>
    <property name="user.country" value="FR"/>
    <property name="sun.boot.library.path" value="/usr/local/Cellar/openjdk/21.0.2/libexec/openjdk.jdk/Contents/Home/lib"/>
    <property name="sun.java.command" value="/Users/rayanegouda/workspace/tennis-game/target/surefire/surefirebooter-20240615004318381_3.jar /Users/rayanegouda/workspace/tennis-game/target/surefire 2024-06-15T00-43-18_287-jvmRun1 surefire-20240615004318381_1tmp surefire_0-20240615004318381_2tmp"/>
    <property name="http.nonProxyHosts" value="local|*.local|169.254/16|*.169.254/16|172.16.88.128|localhost|*.localhost|127.0.0.1|192.168.30.0/24|*.192.168.30.0/24|192.168.1.0/24|*.192.168.1.0/24"/>
    <property name="jdk.debug" value="release"/>
    <property name="surefire.test.class.path" value="/Users/rayanegouda/workspace/tennis-game/target/test-classes:/Users/rayanegouda/workspace/tennis-game/target/classes:/Users/rayanegouda/.m2/repository/junit/junit/4.13.1/junit-4.13.1.jar:/Users/rayanegouda/.m2/repository/org/hamcrest/hamcrest-core/1.3/hamcrest-core-1.3.jar:/Users/rayanegouda/.m2/repository/log4j/log4j/1.2.17/log4j-1.2.17.jar:"/>
    <property name="sun.cpu.endian" value="little"/>
    <property name="user.home" value="/Users/rayanegouda"/>
    <property name="user.language" value="fr"/>
    <property name="java.specification.vendor" value="Oracle Corporation"/>
    <property name="java.version.date" value="2024-01-16"/>
    <property name="java.home" value="/usr/local/Cellar/openjdk/21.0.2/libexec/openjdk.jdk/Contents/Home"/>
    <property name="file.separator" value="/"/>
    <property name="basedir" value="/Users/rayanegouda/workspace/tennis-game"/>
    <property name="java.vm.compressedOopsMode" value="Zero based"/>
    <property name="line.separator" value="&#10;"/>
    <property name="java.vm.specification.vendor" value="Oracle Corporation"/>
    <property name="java.specification.name" value="Java Platform API Specification"/>
    <property name="apple.awt.application.name" value="ForkedBooter"/>
    <property name="surefire.real.class.path" value="/Users/rayanegouda/workspace/tennis-game/target/surefire/surefirebooter-20240615004318381_3.jar"/>
    <property name="sun.management.compiler" value="HotSpot 64-Bit Tiered Compilers"/>
    <property name="ftp.nonProxyHosts" value="local|*.local|169.254/16|*.169.254/16|172.16.88.128|localhost|*.localhost|127.0.0.1|192.168.30.0/24|*.192.168.30.0/24|192.168.1.0/24|*.192.168.1.0/24"/>
    <property name="java.runtime.version" value="21.0.2"/>
    <property name="user.name" value="rayanegouda"/>
    <property name="stdout.encoding" value="UTF-8"/>
    <property name="path.separator" value=":"/>
    <property name="os.version" value="12.7.4"/>
    <property name="java.runtime.name" value="OpenJDK Runtime Environment"/>
    <property name="file.encoding" value="UTF-8"/>
    <property name="java.vm.name" value="OpenJDK 64-Bit Server VM"/>
    <property name="java.vendor.version" value="Homebrew"/>
    <property name="localRepository" value="/Users/rayanegouda/.m2/repository"/>
    <property name="java.vendor.url.bug" value="https://github.com/Homebrew/homebrew-core/issues"/>
    <property name="java.io.tmpdir" value="/var/folders/s6/jx9y5q_s7zx3_7p0f8xcrmv00000gn/T/"/>
    <property name="idea.version" value="2024.1"/>
    <property name="java.version" value="21.0.2"/>
    <property name="user.dir" value="/Users/rayanegouda/workspace/tennis-game"/>
    <property name="os.arch" value="x86_64"/>
    <property name="java.vm.specification.name" value="Java Virtual Machine Specification"/>
    <property name="native.encoding" value="UTF-8"/>
    <property name="java.library.path" value="/Users/rayanegouda/Library/Java/Extensions:/Library/Java/Extensions:/Network/Library/Java/Extensions:/System/Library/Java/Extensions:/usr/lib/java:."/>
    <property name="java.vm.info" value="mixed mode, sharing"/>
    <property name="stderr.encoding" value="UTF-8"/>
    <property name="java.vendor" value="Homebrew"/>
    <property name="java.vm.version" value="21.0.2"/>
    <property name="sun.io.unicode.encoding" value="UnicodeBig"/>
    <property name="socksNonProxyHosts" value="local|*.local|169.254/16|*.169.254/16|172.16.88.128|localhost|*.localhost|127.0.0.1|192.168.30.0/24|*.192.168.30.0/24|192.168.1.0/24|*.192.168.1.0/24"/>
    <property name="java.class.version" value="65.0"/>
  </properties>
  <testcase name="testPlayerAWinsGame" classname="com.app.tennis.TennisGameTest" time="0.095">
    <system-out><![CDATA[2024-06-15 00:43:18 INFO  TennisGame:123 - Player A : 15 / Player B : 0
2024-06-15 00:43:18 INFO  TennisGame:123 - Player A : 30 / Player B : 0
2024-06-15 00:43:18 INFO  TennisGame:123 - Player A : 40 / Player B : 0
2024-06-15 00:43:18 INFO  TennisGame:61 - Player A wins the game
2024-06-15 00:43:18 INFO  TennisGame:123 - Player A : 40 / Player B : 0
]]></system-out>
  </testcase>
  <testcase name="testInvalidPlayerInput" classname="com.app.tennis.TennisGameTest" time="0.002">
    <failure message="InvalidPlayerException should be thrown" type="java.lang.AssertionError"><![CDATA[java.lang.AssertionError: InvalidPlayerException should be thrown
	at org.junit.Assert.fail(Assert.java:89)
	at com.app.tennis.TennisGameTest.testInvalidPlayerInput(TennisGameTest.java:104)
	at java.base/jdk.internal.reflect.DirectMethodHandleAccessor.invoke(DirectMethodHandleAccessor.java:103)
	at java.base/java.lang.reflect.Method.invoke(Method.java:580)
	at org.junit.runners.model.FrameworkMethod$1.runReflectiveCall(FrameworkMethod.java:59)
	at org.junit.internal.runners.model.ReflectiveCallable.run(ReflectiveCallable.java:12)
	at org.junit.runners.model.FrameworkMethod.invokeExplosively(FrameworkMethod.java:56)
	at org.junit.internal.runners.statements.InvokeMethod.evaluate(InvokeMethod.java:17)
	at org.junit.internal.runners.statements.RunBefores.evaluate(RunBefores.java:26)
	at org.junit.runners.ParentRunner$3.evaluate(ParentRunner.java:306)
	at org.junit.runners.BlockJUnit4ClassRunner$1.evaluate(BlockJUnit4ClassRunner.java:100)
	at org.junit.runners.ParentRunner.runLeaf(ParentRunner.java:366)
	at org.junit.runners.BlockJUnit4ClassRunner.runChild(BlockJUnit4ClassRunner.java:103)
	at org.junit.runners.BlockJUnit4ClassRunner.runChild(BlockJUnit4ClassRunner.java:63)
	at org.junit.runners.ParentRunner$4.run(ParentRunner.java:331)
	at org.junit.runners.ParentRunner$1.schedule(ParentRunner.java:79)
	at org.junit.runners.ParentRunner.runChildren(ParentRunner.java:329)
	at org.junit.runners.ParentRunner.access$100(ParentRunner.java:66)
	at org.junit.runners.ParentRunner$2.evaluate(ParentRunner.java:293)
	at org.junit.runners.ParentRunner$3.evaluate(ParentRunner.java:306)
	at org.junit.runners.ParentRunner.run(ParentRunner.java:413)
	at org.apache.maven.surefire.junit4.JUnit4Provider.execute(JUnit4Provider.java:316)
	at org.apache.maven.surefire.junit4.JUnit4Provider.executeWithRerun(JUnit4Provider.java:240)
	at org.apache.maven.surefire.junit4.JUnit4Provider.executeTestSet(JUnit4Provider.java:214)
	at org.apache.maven.surefire.junit4.JUnit4Provider.invoke(JUnit4Provider.java:155)
	at org.apache.maven.surefire.booter.ForkedBooter.runSuitesInProcess(ForkedBooter.java:385)
	at org.apache.maven.surefire.booter.ForkedBooter.execute(ForkedBooter.java:162)
	at org.apache.maven.surefire.booter.ForkedBooter.run(ForkedBooter.java:507)
	at org.apache.maven.surefire.booter.ForkedBooter.main(ForkedBooter.java:495)
]]></failure>
    <system-out><![CDATA[2024-06-15 00:43:18 ERROR TennisGame:44 - Invalid player input: C
]]></system-out>
  </testcase>
  <testcase name="testDeuceAndAdvantageForPlayerA" classname="com.app.tennis.TennisGameTest" time="0.004">
    <system-out><![CDATA[2024-06-15 00:43:18 INFO  TennisGame:123 - Player A : 15 / Player B : 0
2024-06-15 00:43:18 INFO  TennisGame:123 - Player A : 15 / Player B : 15
2024-06-15 00:43:18 INFO  TennisGame:123 - Player A : 30 / Player B : 15
2024-06-15 00:43:18 INFO  TennisGame:123 - Player A : 30 / Player B : 30
2024-06-15 00:43:18 INFO  TennisGame:123 - Player A : 40 / Player B : 30
2024-06-15 00:43:18 INFO  TennisGame:120 - Player A : 40 / Player B : 40 (Deuce)
2024-06-15 00:43:18 INFO  TennisGame:116 - Player A : ADV / Player B : 40
2024-06-15 00:43:18 INFO  TennisGame:54 - Player A wins the game
2024-06-15 00:43:18 INFO  TennisGame:116 - Player A : ADV / Player B : 40
]]></system-out>
  </testcase>
  <testcase name="testDeuceAndAdvantageForPlayerB" classname="com.app.tennis.TennisGameTest" time="0.002">
    <system-out><![CDATA[2024-06-15 00:43:18 INFO  TennisGame:123 - Player A : 15 / Player B : 0
2024-06-15 00:43:18 INFO  TennisGame:123 - Player A : 15 / Player B : 15
2024-06-15 00:43:18 INFO  TennisGame:123 - Player A : 30 / Player B : 15
2024-06-15 00:43:18 INFO  TennisGame:123 - Player A : 30 / Player B : 30
2024-06-15 00:43:18 INFO  TennisGame:123 - Player A : 40 / Player B : 30
2024-06-15 00:43:18 INFO  TennisGame:120 - Player A : 40 / Player B : 40 (Deuce)
2024-06-15 00:43:18 INFO  TennisGame:118 - Player A : 40 / Player B : ADV
2024-06-15 00:43:18 INFO  TennisGame:73 - Player B wins the game
2024-06-15 00:43:18 INFO  TennisGame:118 - Player A : 40 / Player B : ADV
]]></system-out>
  </testcase>
  <testcase name="testPlayerBWinsGame" classname="com.app.tennis.TennisGameTest" time="0.001">
    <system-out><![CDATA[2024-06-15 00:43:18 INFO  TennisGame:123 - Player A : 0 / Player B : 15
2024-06-15 00:43:18 INFO  TennisGame:123 - Player A : 0 / Player B : 30
2024-06-15 00:43:18 INFO  TennisGame:123 - Player A : 0 / Player B : 40
2024-06-15 00:43:18 INFO  TennisGame:80 - Player B wins the game
2024-06-15 00:43:18 INFO  TennisGame:123 - Player A : 0 / Player B : 40
]]></system-out>
  </testcase>
</testsuite>